2020/02/18 11:05:15 Sent MDL
2020/02/18 11:05:15 Received *network.NetworkConfig
2020/02/18 11:05:15 Retrieved model configuration
2020/02/18 11:05:15 Sent REQ
2020/02/18 11:05:15 Received *[]mat.Dense
2020/02/18 11:05:15 Received *[]mat.VecDense
2020/02/18 11:05:15 Sent UPD
2020/02/18 11:05:15 Sent []mat.Dense
2020/02/18 11:05:15 Sent []mat.VecDense
2020/02/18 11:05:15 Received CON
2020/02/18 11:05:15 Sent REQ
2020/02/18 11:05:15 Received *[]mat.Dense
2020/02/18 11:05:15 Received *[]mat.VecDense
2020/02/18 11:05:15 Sent UPD
2020/02/18 11:05:15 Sent []mat.Dense
2020/02/18 11:05:15 Sent []mat.VecDense
2020/02/18 11:05:15 Received CON
2020/02/18 11:05:15 Sent REQ
2020/02/18 11:05:15 Received *[]mat.Dense
2020/02/18 11:05:15 Received *[]mat.VecDense
2020/02/18 11:05:15 Sent UPD
2020/02/18 11:05:15 Sent []mat.Dense
2020/02/18 11:05:15 Sent []mat.VecDense
2020/02/18 11:05:15 Received CON
2020/02/18 11:05:15 Sent REQ
2020/02/18 11:05:15 Received *[]mat.Dense
2020/02/18 11:05:15 Received *[]mat.VecDense
2020/02/18 11:05:16 Sent UPD
2020/02/18 11:05:16 Sent []mat.Dense
2020/02/18 11:05:16 Sent []mat.VecDense
2020/02/18 11:05:16 Received CON
2020/02/18 11:05:16 Sent REQ
2020/02/18 11:05:16 Received *[]mat.Dense
2020/02/18 11:05:16 Received *[]mat.VecDense
2020/02/18 11:05:16 Sent UPD
2020/02/18 11:05:16 Sent []mat.Dense
2020/02/18 11:05:16 Sent []mat.VecDense
2020/02/18 11:05:16 Received CON
2020/02/18 11:05:16 Sent REQ
2020/02/18 11:05:16 Received *[]mat.Dense
2020/02/18 11:05:16 Received *[]mat.VecDense
2020/02/18 11:05:16 Sent UPD
2020/02/18 11:05:16 Sent []mat.Dense
2020/02/18 11:05:16 Sent []mat.VecDense
2020/02/18 11:05:16 Received CON
2020/02/18 11:05:16 Sent REQ
2020/02/18 11:05:16 Received *[]mat.Dense
2020/02/18 11:05:16 Received *[]mat.VecDense
2020/02/18 11:05:16 Sent UPD
2020/02/18 11:05:16 Sent []mat.Dense
2020/02/18 11:05:16 Sent []mat.VecDense
2020/02/18 11:05:16 Received CON
2020/02/18 11:05:16 Sent REQ
2020/02/18 11:05:16 Received *[]mat.Dense
2020/02/18 11:05:16 Received *[]mat.VecDense
2020/02/18 11:05:16 Sent UPD
2020/02/18 11:05:16 Sent []mat.Dense
2020/02/18 11:05:16 Sent []mat.VecDense
2020/02/18 11:05:16 Received CON
2020/02/18 11:05:16 Sent REQ
2020/02/18 11:05:16 Received *[]mat.Dense
2020/02/18 11:05:16 Received *[]mat.VecDense
2020/02/18 11:05:17 Sent UPD
2020/02/18 11:05:17 Sent []mat.Dense
2020/02/18 11:05:17 Sent []mat.VecDense
2020/02/18 11:05:17 Received CON
2020/02/18 11:05:17 Sent REQ
2020/02/18 11:05:17 Received *[]mat.Dense
2020/02/18 11:05:17 Received *[]mat.VecDense
2020/02/18 11:05:17 Sent UPD
2020/02/18 11:05:17 Sent []mat.Dense
2020/02/18 11:05:17 Sent []mat.VecDense
2020/02/18 11:05:17 Received CON
2020/02/18 11:05:17 Sent REQ
2020/02/18 11:05:17 Received *[]mat.Dense
2020/02/18 11:05:17 Received *[]mat.VecDense
2020/02/18 11:05:17 Sent UPD
2020/02/18 11:05:17 Sent []mat.Dense
2020/02/18 11:05:17 Sent []mat.VecDense
2020/02/18 11:05:17 Received CON
2020/02/18 11:05:17 Sent REQ
2020/02/18 11:05:17 Received *[]mat.Dense
2020/02/18 11:05:17 Received *[]mat.VecDense
2020/02/18 11:05:17 Sent UPD
2020/02/18 11:05:17 Sent []mat.Dense
2020/02/18 11:05:17 Sent []mat.VecDense
2020/02/18 11:05:17 Received CON
2020/02/18 11:05:17 Sent REQ
2020/02/18 11:05:17 Received *[]mat.Dense
2020/02/18 11:05:17 Received *[]mat.VecDense
2020/02/18 11:05:17 Sent UPD
2020/02/18 11:05:17 Sent []mat.Dense
2020/02/18 11:05:17 Sent []mat.VecDense
2020/02/18 11:05:17 Received CON
2020/02/18 11:05:17 Sent REQ
2020/02/18 11:05:17 Received *[]mat.Dense
2020/02/18 11:05:17 Received *[]mat.VecDense
2020/02/18 11:05:17 Sent UPD
2020/02/18 11:05:17 Sent []mat.Dense
2020/02/18 11:05:17 Sent []mat.VecDense
2020/02/18 11:05:17 Received CON
2020/02/18 11:05:17 Sent REQ
2020/02/18 11:05:17 Received *[]mat.Dense
2020/02/18 11:05:17 Received *[]mat.VecDense
2020/02/18 11:05:17 Sent UPD
2020/02/18 11:05:17 Sent []mat.Dense
2020/02/18 11:05:17 Sent []mat.VecDense
2020/02/18 11:05:17 Received CON
2020/02/18 11:05:17 Sent REQ
2020/02/18 11:05:17 Received *[]mat.Dense
2020/02/18 11:05:17 Received *[]mat.VecDense
