2020/02/18 11:05:14 Launching parameter server
2020/02/18 11:05:15 New model replica connected
2020/02/18 11:05:15 Received MDL
2020/02/18 11:05:15 Sent network.NetworkConfig
2020/02/18 11:05:15 New model replica connected
2020/02/18 11:05:15 Received MDL
2020/02/18 11:05:15 Sent network.NetworkConfig
2020/02/18 11:05:15 New model replica connected
2020/02/18 11:05:15 Received MDL
2020/02/18 11:05:15 Sent network.NetworkConfig
2020/02/18 11:05:15 Received REQ
2020/02/18 11:05:15 Received REQ
2020/02/18 11:05:15 Received REQ
2020/02/18 11:05:15 New model replica connected
2020/02/18 11:05:15 Received MDL
2020/02/18 11:05:15 Sent []mat.Dense
2020/02/18 11:05:15 Sent network.NetworkConfig
2020/02/18 11:05:15 Sent []mat.VecDense
2020/02/18 11:05:15 Received REQ
2020/02/18 11:05:15 Sent []mat.Dense
2020/02/18 11:05:15 Sent []mat.VecDense
2020/02/18 11:05:15 Sent []mat.Dense
2020/02/18 11:05:15 Sent []mat.VecDense
2020/02/18 11:05:15 Sent []mat.Dense
2020/02/18 11:05:15 Sent []mat.VecDense
2020/02/18 11:05:15 Received UPD
2020/02/18 11:05:15 Received *[]mat.Dense
2020/02/18 11:05:15 Received UPD
2020/02/18 11:05:15 Received *[]mat.VecDense
2020/02/18 11:05:15 Received UPD
2020/02/18 11:05:15 Received *[]mat.Dense
2020/02/18 11:05:15 Received *[]mat.VecDense
2020/02/18 11:05:15 Received *[]mat.Dense
2020/02/18 11:05:15 Received *[]mat.VecDense
2020/02/18 11:05:15 Received UPD
2020/02/18 11:05:15 Received *[]mat.Dense
2020/02/18 11:05:15 Received *[]mat.VecDense
2020/02/18 11:05:15 Sent CON
2020/02/18 11:05:15 Sent CON
2020/02/18 11:05:15 Sent CON
2020/02/18 11:05:15 Sent CON
2020/02/18 11:05:15 Received REQ
2020/02/18 11:05:15 Received REQ
2020/02/18 11:05:15 Received REQ
2020/02/18 11:05:15 Received REQ
2020/02/18 11:05:15 Sent []mat.Dense
2020/02/18 11:05:15 Sent []mat.VecDense
2020/02/18 11:05:15 Sent []mat.Dense
2020/02/18 11:05:15 Sent []mat.Dense
2020/02/18 11:05:15 Sent []mat.VecDense
2020/02/18 11:05:15 Sent []mat.Dense
2020/02/18 11:05:15 Sent []mat.VecDense
2020/02/18 11:05:15 Sent []mat.VecDense
2020/02/18 11:05:15 Received UPD
2020/02/18 11:05:15 Received *[]mat.Dense
2020/02/18 11:05:15 Received *[]mat.VecDense
2020/02/18 11:05:15 Received UPD
2020/02/18 11:05:15 Received *[]mat.Dense
2020/02/18 11:05:15 Received *[]mat.VecDense
2020/02/18 11:05:15 Received UPD
2020/02/18 11:05:15 Received UPD
2020/02/18 11:05:15 Received *[]mat.Dense
2020/02/18 11:05:15 Received *[]mat.VecDense
2020/02/18 11:05:15 Received *[]mat.Dense
2020/02/18 11:05:15 Received *[]mat.VecDense
2020/02/18 11:05:15 Sent CON
2020/02/18 11:05:15 Sent CON
2020/02/18 11:05:15 Sent CON
2020/02/18 11:05:15 Received REQ
2020/02/18 11:05:15 Received REQ
2020/02/18 11:05:15 Sent CON
2020/02/18 11:05:15 Received REQ
2020/02/18 11:05:15 Received REQ
2020/02/18 11:05:15 Sent []mat.Dense
2020/02/18 11:05:15 Sent []mat.Dense
2020/02/18 11:05:15 Sent []mat.VecDense
2020/02/18 11:05:15 Sent []mat.Dense
2020/02/18 11:05:15 Sent []mat.VecDense
2020/02/18 11:05:15 Sent []mat.VecDense
2020/02/18 11:05:15 Sent []mat.Dense
2020/02/18 11:05:15 Sent []mat.VecDense
2020/02/18 11:05:15 Received UPD
2020/02/18 11:05:15 Received *[]mat.Dense
2020/02/18 11:05:15 Received *[]mat.VecDense
2020/02/18 11:05:15 Received UPD
2020/02/18 11:05:15 Received *[]mat.Dense
2020/02/18 11:05:15 Received *[]mat.VecDense
2020/02/18 11:05:15 Received UPD
2020/02/18 11:05:15 Received *[]mat.Dense
2020/02/18 11:05:15 Received *[]mat.VecDense
2020/02/18 11:05:15 Received UPD
2020/02/18 11:05:15 Received *[]mat.Dense
2020/02/18 11:05:15 Received *[]mat.VecDense
2020/02/18 11:05:15 Sent CON
2020/02/18 11:05:15 Sent CON
2020/02/18 11:05:15 Sent CON
2020/02/18 11:05:15 Sent CON
2020/02/18 11:05:15 Received REQ
2020/02/18 11:05:15 Received REQ
2020/02/18 11:05:15 Received REQ
2020/02/18 11:05:15 Received REQ
2020/02/18 11:05:15 0.1442,0.1150
2020/02/18 11:05:15 Sent []mat.Dense
2020/02/18 11:05:15 Sent []mat.VecDense
2020/02/18 11:05:15 Sent []mat.Dense
2020/02/18 11:05:15 Sent []mat.VecDense
2020/02/18 11:05:15 Sent []mat.Dense
2020/02/18 11:05:15 Sent []mat.VecDense
2020/02/18 11:05:15 Sent []mat.Dense
2020/02/18 11:05:15 Sent []mat.VecDense
2020/02/18 11:05:16 Received UPD
2020/02/18 11:05:16 Received UPD
2020/02/18 11:05:16 Received UPD
2020/02/18 11:05:16 Received *[]mat.Dense
2020/02/18 11:05:16 Received *[]mat.VecDense
2020/02/18 11:05:16 Received UPD
2020/02/18 11:05:16 Received *[]mat.Dense
2020/02/18 11:05:16 Received *[]mat.VecDense
2020/02/18 11:05:16 Received *[]mat.Dense
2020/02/18 11:05:16 Received *[]mat.VecDense
2020/02/18 11:05:16 Received *[]mat.Dense
2020/02/18 11:05:16 Received *[]mat.VecDense
2020/02/18 11:05:16 Sent CON
2020/02/18 11:05:16 Sent CON
2020/02/18 11:05:16 Sent CON
2020/02/18 11:05:16 Received REQ
2020/02/18 11:05:16 Sent CON
2020/02/18 11:05:16 Received REQ
2020/02/18 11:05:16 Sent []mat.Dense
2020/02/18 11:05:16 Received REQ
2020/02/18 11:05:16 Received REQ
2020/02/18 11:05:16 Sent []mat.Dense
2020/02/18 11:05:16 Sent []mat.VecDense
2020/02/18 11:05:16 Sent []mat.VecDense
2020/02/18 11:05:16 Sent []mat.Dense
2020/02/18 11:05:16 Sent []mat.VecDense
2020/02/18 11:05:16 Sent []mat.Dense
2020/02/18 11:05:16 Sent []mat.VecDense
2020/02/18 11:05:16 Received UPD
2020/02/18 11:05:16 Received *[]mat.Dense
2020/02/18 11:05:16 Received *[]mat.VecDense
2020/02/18 11:05:16 Received UPD
2020/02/18 11:05:16 Received *[]mat.Dense
2020/02/18 11:05:16 Received *[]mat.VecDense
2020/02/18 11:05:16 Received UPD
2020/02/18 11:05:16 Received UPD
2020/02/18 11:05:16 Received *[]mat.Dense
2020/02/18 11:05:16 Received *[]mat.VecDense
2020/02/18 11:05:16 Received *[]mat.Dense
2020/02/18 11:05:16 Received *[]mat.VecDense
2020/02/18 11:05:16 Sent CON
2020/02/18 11:05:16 Sent CON
2020/02/18 11:05:16 Sent CON
2020/02/18 11:05:16 Sent CON
2020/02/18 11:05:16 Received REQ
2020/02/18 11:05:16 Received REQ
2020/02/18 11:05:16 Sent []mat.Dense
2020/02/18 11:05:16 Received REQ
2020/02/18 11:05:16 Received REQ
2020/02/18 11:05:16 Sent []mat.VecDense
2020/02/18 11:05:16 Sent []mat.Dense
2020/02/18 11:05:16 Sent []mat.VecDense
2020/02/18 11:05:16 Sent []mat.Dense
2020/02/18 11:05:16 Sent []mat.VecDense
2020/02/18 11:05:16 Sent []mat.Dense
2020/02/18 11:05:16 Sent []mat.VecDense
2020/02/18 11:05:16 Received UPD
2020/02/18 11:05:16 Received *[]mat.Dense
2020/02/18 11:05:16 Received *[]mat.VecDense
2020/02/18 11:05:16 Received UPD
2020/02/18 11:05:16 Received *[]mat.Dense
2020/02/18 11:05:16 Received *[]mat.VecDense
2020/02/18 11:05:16 Received UPD
2020/02/18 11:05:16 Received UPD
2020/02/18 11:05:16 Received *[]mat.Dense
2020/02/18 11:05:16 Received *[]mat.VecDense
2020/02/18 11:05:16 Received *[]mat.Dense
2020/02/18 11:05:16 Received *[]mat.VecDense
2020/02/18 11:05:16 Sent CON
2020/02/18 11:05:16 Sent CON
2020/02/18 11:05:16 Sent CON
2020/02/18 11:05:16 Received REQ
2020/02/18 11:05:16 Received REQ
2020/02/18 11:05:16 Sent CON
2020/02/18 11:05:16 Received REQ
2020/02/18 11:05:16 Received REQ
2020/02/18 11:05:16 Sent []mat.Dense
2020/02/18 11:05:16 Sent []mat.VecDense
2020/02/18 11:05:16 Sent []mat.Dense
2020/02/18 11:05:16 Sent []mat.VecDense
2020/02/18 11:05:16 Sent []mat.Dense
2020/02/18 11:05:16 Sent []mat.VecDense
2020/02/18 11:05:16 Sent []mat.Dense
2020/02/18 11:05:16 Sent []mat.VecDense
2020/02/18 11:05:16 Received UPD
2020/02/18 11:05:16 Received UPD
2020/02/18 11:05:16 Received *[]mat.Dense
2020/02/18 11:05:16 Received *[]mat.VecDense
2020/02/18 11:05:16 Received UPD
2020/02/18 11:05:16 Received UPD
2020/02/18 11:05:16 Received *[]mat.Dense
2020/02/18 11:05:16 Received *[]mat.Dense
2020/02/18 11:05:16 Received *[]mat.VecDense
2020/02/18 11:05:16 Received *[]mat.VecDense
2020/02/18 11:05:16 Received *[]mat.Dense
2020/02/18 11:05:16 Received *[]mat.VecDense
2020/02/18 11:05:16 Sent CON
2020/02/18 11:05:16 Sent CON
2020/02/18 11:05:16 Sent CON
2020/02/18 11:05:16 Received REQ
2020/02/18 11:05:16 Sent CON
2020/02/18 11:05:16 Received REQ
2020/02/18 11:05:16 Sent []mat.Dense
2020/02/18 11:05:16 Received REQ
2020/02/18 11:05:16 Received REQ
2020/02/18 11:05:16 Sent []mat.Dense
2020/02/18 11:05:16 Sent []mat.VecDense
2020/02/18 11:05:16 Sent []mat.VecDense
2020/02/18 11:05:16 Sent []mat.Dense
2020/02/18 11:05:16 Sent []mat.VecDense
2020/02/18 11:05:16 Sent []mat.Dense
2020/02/18 11:05:16 Sent []mat.VecDense
2020/02/18 11:05:16 Received UPD
2020/02/18 11:05:16 Received *[]mat.Dense
2020/02/18 11:05:16 Received *[]mat.VecDense
2020/02/18 11:05:16 Received UPD
2020/02/18 11:05:16 Received *[]mat.Dense
2020/02/18 11:05:16 Received *[]mat.VecDense
2020/02/18 11:05:16 Received UPD
2020/02/18 11:05:16 Received UPD
2020/02/18 11:05:16 Received *[]mat.Dense
2020/02/18 11:05:16 Received *[]mat.VecDense
2020/02/18 11:05:16 Received *[]mat.Dense
2020/02/18 11:05:16 Received *[]mat.VecDense
2020/02/18 11:05:16 Sent CON
2020/02/18 11:05:16 Sent CON
2020/02/18 11:05:16 Sent CON
2020/02/18 11:05:16 Sent CON
2020/02/18 11:05:16 Received REQ
2020/02/18 11:05:16 Received REQ
2020/02/18 11:05:16 Received REQ
2020/02/18 11:05:16 Received REQ
2020/02/18 11:05:16 Sent []mat.Dense
2020/02/18 11:05:16 Sent []mat.VecDense
2020/02/18 11:05:16 Sent []mat.Dense
2020/02/18 11:05:16 Sent []mat.VecDense
2020/02/18 11:05:16 Sent []mat.Dense
2020/02/18 11:05:16 Sent []mat.VecDense
2020/02/18 11:05:16 Sent []mat.Dense
2020/02/18 11:05:16 Sent []mat.VecDense
2020/02/18 11:05:17 Received UPD
2020/02/18 11:05:17 Received UPD
2020/02/18 11:05:17 Received UPD
2020/02/18 11:05:17 Received *[]mat.Dense
2020/02/18 11:05:17 Received *[]mat.VecDense
2020/02/18 11:05:17 Received UPD
2020/02/18 11:05:17 Received *[]mat.Dense
2020/02/18 11:05:17 Received *[]mat.VecDense
2020/02/18 11:05:17 Received *[]mat.Dense
2020/02/18 11:05:17 Received *[]mat.VecDense
2020/02/18 11:05:17 Received *[]mat.Dense
2020/02/18 11:05:17 Received *[]mat.VecDense
2020/02/18 11:05:17 Sent CON
2020/02/18 11:05:17 Sent CON
2020/02/18 11:05:17 Sent CON
2020/02/18 11:05:17 Sent CON
2020/02/18 11:05:17 Received REQ
2020/02/18 11:05:17 Received REQ
2020/02/18 11:05:17 Sent []mat.Dense
2020/02/18 11:05:17 Received REQ
2020/02/18 11:05:17 Received REQ
2020/02/18 11:05:17 Sent []mat.Dense
2020/02/18 11:05:17 Sent []mat.VecDense
2020/02/18 11:05:17 Sent []mat.VecDense
2020/02/18 11:05:17 Sent []mat.Dense
2020/02/18 11:05:17 Sent []mat.VecDense
2020/02/18 11:05:17 Sent []mat.Dense
2020/02/18 11:05:17 Sent []mat.VecDense
2020/02/18 11:05:17 Received UPD
2020/02/18 11:05:17 Received *[]mat.Dense
2020/02/18 11:05:17 Received *[]mat.VecDense
2020/02/18 11:05:17 Received UPD
2020/02/18 11:05:17 Received *[]mat.Dense
2020/02/18 11:05:17 Received *[]mat.VecDense
2020/02/18 11:05:17 Received UPD
2020/02/18 11:05:17 Received *[]mat.Dense
2020/02/18 11:05:17 Received *[]mat.VecDense
2020/02/18 11:05:17 Received UPD
2020/02/18 11:05:17 Received *[]mat.Dense
2020/02/18 11:05:17 Received *[]mat.VecDense
2020/02/18 11:05:17 Sent CON
2020/02/18 11:05:17 Sent CON
2020/02/18 11:05:17 Sent CON
2020/02/18 11:05:17 Received REQ
2020/02/18 11:05:17 Sent CON
2020/02/18 11:05:17 Received REQ
2020/02/18 11:05:17 Received REQ
2020/02/18 11:05:17 Received REQ
2020/02/18 11:05:17 Sent []mat.Dense
2020/02/18 11:05:17 Sent []mat.VecDense
2020/02/18 11:05:17 Sent []mat.Dense
2020/02/18 11:05:17 Sent []mat.VecDense
2020/02/18 11:05:17 Sent []mat.Dense
2020/02/18 11:05:17 Sent []mat.VecDense
2020/02/18 11:05:17 Sent []mat.Dense
2020/02/18 11:05:17 Sent []mat.VecDense
2020/02/18 11:05:17 Received UPD
2020/02/18 11:05:17 Received *[]mat.Dense
2020/02/18 11:05:17 Received *[]mat.VecDense
2020/02/18 11:05:17 Received UPD
2020/02/18 11:05:17 Received UPD
2020/02/18 11:05:17 Received UPD
2020/02/18 11:05:17 Received *[]mat.Dense
2020/02/18 11:05:17 Received *[]mat.VecDense
2020/02/18 11:05:17 Received *[]mat.Dense
2020/02/18 11:05:17 Received *[]mat.VecDense
2020/02/18 11:05:17 Received *[]mat.Dense
2020/02/18 11:05:17 Received *[]mat.VecDense
2020/02/18 11:05:17 Sent CON
2020/02/18 11:05:17 Sent CON
2020/02/18 11:05:17 Sent CON
2020/02/18 11:05:17 Sent CON
2020/02/18 11:05:17 Received REQ
2020/02/18 11:05:17 Sent []mat.Dense
2020/02/18 11:05:17 Sent []mat.VecDense
2020/02/18 11:05:17 Received REQ
2020/02/18 11:05:17 Received REQ
2020/02/18 11:05:17 Received REQ
2020/02/18 11:05:17 Sent []mat.Dense
2020/02/18 11:05:17 Sent []mat.VecDense
2020/02/18 11:05:17 Sent []mat.Dense
2020/02/18 11:05:17 Sent []mat.VecDense
2020/02/18 11:05:17 Sent []mat.Dense
2020/02/18 11:05:17 Sent []mat.VecDense
2020/02/18 11:05:17 Received UPD
2020/02/18 11:05:17 Received *[]mat.Dense
2020/02/18 11:05:17 Received *[]mat.VecDense
2020/02/18 11:05:17 Received UPD
2020/02/18 11:05:17 Received UPD
2020/02/18 11:05:17 Received UPD
2020/02/18 11:05:17 Received *[]mat.Dense
2020/02/18 11:05:17 Received *[]mat.VecDense
2020/02/18 11:05:17 Received *[]mat.Dense
2020/02/18 11:05:17 Received *[]mat.VecDense
2020/02/18 11:05:17 Received *[]mat.Dense
2020/02/18 11:05:17 Received *[]mat.VecDense
2020/02/18 11:05:17 Sent CON
2020/02/18 11:05:17 Sent CON
2020/02/18 11:05:17 Received REQ
2020/02/18 11:05:17 Sent CON
2020/02/18 11:05:17 Sent CON
2020/02/18 11:05:17 Received REQ
2020/02/18 11:05:17 Sent []mat.Dense
2020/02/18 11:05:17 Received REQ
2020/02/18 11:05:17 Received REQ
2020/02/18 11:05:17 Sent []mat.VecDense
2020/02/18 11:05:17 Sent []mat.Dense
2020/02/18 11:05:17 Sent []mat.VecDense
2020/02/18 11:05:17 Sent []mat.Dense
2020/02/18 11:05:17 Sent []mat.VecDense
2020/02/18 11:05:17 Sent []mat.Dense
2020/02/18 11:05:17 Sent []mat.VecDense
2020/02/18 11:05:17 Received UPD
2020/02/18 11:05:17 Received UPD
2020/02/18 11:05:17 Received *[]mat.Dense
2020/02/18 11:05:17 Received *[]mat.VecDense
2020/02/18 11:05:17 Received UPD
2020/02/18 11:05:17 Received *[]mat.Dense
2020/02/18 11:05:17 Received *[]mat.VecDense
2020/02/18 11:05:17 Received UPD
2020/02/18 11:05:17 Received *[]mat.Dense
2020/02/18 11:05:17 Received *[]mat.VecDense
2020/02/18 11:05:17 Received *[]mat.Dense
2020/02/18 11:05:17 Received *[]mat.VecDense
2020/02/18 11:05:17 Sent CON
2020/02/18 11:05:17 Sent CON
2020/02/18 11:05:17 Received REQ
2020/02/18 11:05:17 Received REQ
2020/02/18 11:05:17 Sent CON
2020/02/18 11:05:17 Sent CON
2020/02/18 11:05:17 Received REQ
2020/02/18 11:05:17 Received REQ
2020/02/18 11:05:17 Sent []mat.Dense
2020/02/18 11:05:17 Sent []mat.Dense
2020/02/18 11:05:17 Sent []mat.VecDense
2020/02/18 11:05:17 Sent []mat.Dense
2020/02/18 11:05:17 Sent []mat.VecDense
2020/02/18 11:05:17 Sent []mat.VecDense
2020/02/18 11:05:17 Sent []mat.Dense
2020/02/18 11:05:17 Sent []mat.VecDense
2020/02/18 11:05:17 Received UPD
2020/02/18 11:05:17 Received UPD
2020/02/18 11:05:17 Received *[]mat.Dense
2020/02/18 11:05:17 Received *[]mat.VecDense
2020/02/18 11:05:17 Received *[]mat.Dense
2020/02/18 11:05:17 Received *[]mat.VecDense
2020/02/18 11:05:17 Received UPD
2020/02/18 11:05:17 Received UPD
2020/02/18 11:05:17 Received *[]mat.Dense
2020/02/18 11:05:17 Received *[]mat.VecDense
2020/02/18 11:05:17 Received *[]mat.Dense
2020/02/18 11:05:17 Received *[]mat.VecDense
2020/02/18 11:05:17 Sent CON
2020/02/18 11:05:17 Sent CON
2020/02/18 11:05:17 Sent CON
2020/02/18 11:05:17 Sent CON
2020/02/18 11:05:17 Received REQ
2020/02/18 11:05:17 Received REQ
2020/02/18 11:05:17 Received REQ
2020/02/18 11:05:17 Received REQ
2020/02/18 11:05:17 Sent []mat.Dense
2020/02/18 11:05:17 Sent []mat.VecDense
2020/02/18 11:05:17 Sent []mat.Dense
2020/02/18 11:05:17 Sent []mat.VecDense
2020/02/18 11:05:17 Sent []mat.Dense
2020/02/18 11:05:17 Sent []mat.VecDense
2020/02/18 11:05:17 Sent []mat.Dense
2020/02/18 11:05:17 Sent []mat.VecDense
2020/02/18 11:05:17 Received UPD
2020/02/18 11:05:17 Received *[]mat.Dense
2020/02/18 11:05:17 Received *[]mat.VecDense
2020/02/18 11:05:17 Received UPD
2020/02/18 11:05:17 Received UPD
2020/02/18 11:05:17 Received *[]mat.Dense
2020/02/18 11:05:17 Received *[]mat.VecDense
2020/02/18 11:05:17 Received UPD
2020/02/18 11:05:17 Received *[]mat.Dense
2020/02/18 11:05:17 Received *[]mat.VecDense
2020/02/18 11:05:17 Received *[]mat.Dense
2020/02/18 11:05:17 Received *[]mat.VecDense
2020/02/18 11:05:17 Sent CON
2020/02/18 11:05:17 Sent CON
2020/02/18 11:05:17 Sent CON
2020/02/18 11:05:17 Sent CON
2020/02/18 11:05:17 Received REQ
2020/02/18 11:05:17 Received REQ
2020/02/18 11:05:17 Received REQ
2020/02/18 11:05:17 Received REQ
2020/02/18 11:05:17 Sent []mat.Dense
2020/02/18 11:05:17 Sent []mat.Dense
2020/02/18 11:05:17 Sent []mat.VecDense
2020/02/18 11:05:17 Sent []mat.VecDense
2020/02/18 11:05:17 Sent []mat.Dense
2020/02/18 11:05:17 Sent []mat.VecDense
2020/02/18 11:05:17 Sent []mat.Dense
2020/02/18 11:05:17 Sent []mat.VecDense
